<?xml version="1.0"?>
<component name="org.nuxeo.nuxeo.ecm.platform.video.doctype.test">
  <extension target="org.nuxeo.ecm.core.schema.TypeService" point="doctype">
    <doctype name="TestStreamableDocument" extends="Document">
       <schema name="uid" />
       <schema name="common" />
       <schema name="dublincore" />
       <schema name="file" />
       <schema name="streamable_media" />
    </doctype>
  </extension>
</component>
