<?xml version="1.0"?>
<component name="org.nuxeo.nuxeo.ecm.platform.video.media.streaming.configuration.test.deactivated">

  <require>org.nuxeo.nuxeo.ecm.platform.video.media.streaming.configuration</require>

  <extension target="org.nuxeo.nuxeo.ecm.platform.video.media.streaming.configuration" point="video">
    <config activated="false" streamServerBaseURL="rtsp://localhost"/>
  </extension>
</component>
