<?xml version="1.0"?>
<component name="org.nuxeo.drive.sync.roots.cache.redis.test">

  <extension target="org.nuxeo.ecm.core.cache.CacheService" point="caches">

    <cache name="driveSyncRoot" class="org.nuxeo.ecm.core.redis.contribs.RedisCache">
      <option name="maxSize">10000</option>
      <option name="concurrencyLevel">4</option>
      <ttl>1</ttl>
    </cache>

    <cache name="driveCollectionSyncRootMember" class="org.nuxeo.ecm.core.redis.contribs.RedisCache">
      <option name="maxSize">10000</option>
      <option name="concurrencyLevel">4</option>
      <ttl>1</ttl>
    </cache>

  </extension>

</component>
