<component name="org.nuxeo.ecm.platform.routing.graph.types.test"
  version="1.0">

  <extension target="org.nuxeo.ecm.core.schema.TypeService"
    point="schema">
    <!-- no prefix -->
    <schema name="facetroute1" src="schemas/test_var_route1.xsd" />
    <!-- with prefix -->
    <schema name="facetnode1" prefix="fctnd1" src="schemas/test_var_node1.xsd" />
  </extension>

  <extension target="org.nuxeo.ecm.core.schema.TypeService"
    point="doctype">
    <facet name="FacetRoute1">
      <schema name="facetroute1" />
    </facet>
    <facet name="FacetNode1">
      <schema name="facetnode1" />
    </facet>
  </extension>

</component>
