<component
	name="org.nuxeo.ecm.platform.routing.models.template.resource.contrib"
	version="1.0">

	<extension target="org.nuxeo.ecm.platform.routing.service"
		point="routeModelImporter">
		<template-resource id="resource1" path="/myRoute.zip" />
	</extension>

</component>
