<?xml version="1.0"?>
<component name="org.nuxeo.ecm.platform.importer.service.test.contrib">
   
  <extension target="org.nuxeo.ecm.platform.importer.service.DeafultImporterComponent" point="importerConfiguration">
 	<importerConfig>
       <sourceNode sourceNodeClass="org.nuxeo.ecm.platform.importer.source.FileWithMetadataSourceNode" />
       <documentModelFactory  leafType="File" folderishType="Folder" documentModelFactoryClass="org.nuxeo.ecm.platform.importer.factories.DefaultDocumentModelFactory" />
 	</importerConfig>
  </extension>
</component>
