<?xml version="1.0"?>
<component name="org.nuxeo.ecm.diff.service.DiffDisplayService.contrib.test">

  <require>
    org.nuxeo.ecm.diff.service.DiffDisplayService.contrib
  </require>

  <extension target="org.nuxeo.ecm.diff.service.DiffDisplayService"
    point="diffDisplay">

    <!-- Override File diffDisplay -->
    <diffDisplay type="File">
      <diffBlocks>
        <diffBlock name="heading" />
        <diffBlock name="files" />
        <diffBlock name="testNoFields" />
      </diffBlocks>
    </diffDisplay>

    <!-- SampleType diffDisplay -->
    <diffDisplay type="SampleType">
      <diffBlocks>
        <diffBlock name="heading" />
        <diffBlock name="dublincore" />
        <diffBlock name="files" />
        <diffBlock name="simpleTypes" />
        <diffBlock name="complexTypesAndListOfLists" />
      </diffBlocks>
    </diffDisplay>

  </extension>

  <extension target="org.nuxeo.ecm.diff.service.DiffDisplayService"
    point="diffBlock">

    <!-- No fields diffBlock -->
    <diffBlock name="testNoFields" />

    <!-- Override dublincore diffBlock -->
    <diffBlock name="dublincore" label="label.diffBlock.dublincore">
      <fields>
        <field schema="dublincore" name="created" />
        <field schema="dublincore" name="creator" />
        <field schema="dublincore" name="modified" />
        <field schema="dublincore" name="lastContributor" />
        <field schema="dublincore" name="contributors" />
        <field schema="dublincore" name="subjects" />
      </fields>
    </diffBlock>

    <!-- simpleTypes diffBlock -->
    <diffBlock name="simpleTypes" label="label.diffBlock.simpleTypes">
      <fields>
        <field schema="simpletypes" name="string" />
        <field schema="simpletypes" name="textarea"
          displayContentDiffLinks="true" />
        <field schema="simpletypes" name="boolean" />
        <field schema="simpletypes" name="integer" />
        <field schema="simpletypes" name="date" />
        <field schema="simpletypes" name="htmlText"
          displayContentDiffLinks="true" />
        <field schema="simpletypes" name="multivalued" />
      </fields>
    </diffBlock>

    <!-- complexTypesAndListOfLists diffBlock -->
    <diffBlock name="complexTypesAndListOfLists"
      label="label.diffBlock.complexTypesAndListOfLists">
      <fields>
        <field schema="complextypes" name="complex">
          <items>
            <item name="stringItem" displayContentDiffLinks="true" />
            <item name="integerItem" />
            <item name="dateItem" />
            <item name="booleanItem" />
          </items>
        </field>
        <field schema="complextypes" name="complexList">
          <items>
            <item name="stringItem" displayContentDiffLinks="true" />
            <item name="dateItem" />
            <item name="integerItem" />
          </items>
        </field>
        <field schema="listoflists" name="listOfLists" />
      </fields>
    </diffBlock>

  </extension>

</component>
