<?xml version="1.0"?>
<component name="org.nuxeo.ecm.diff.service.DiffDisplayService.contrib.test">

  <require>
    org.nuxeo.ecm.diff.service.DiffDisplayService.contrib
  </require>

  <extension target="org.nuxeo.ecm.diff.service.DiffDisplayService"
    point="diffDisplay">

    <!-- Override Document diffDisplay -->
    <diffDisplay type="Document">
      <diffBlocks>
        <diffBlock name="heading" />
        <diffBlock name="file" />
        <diffBlock name="testNoFields" />
      </diffBlocks>
    </diffDisplay>

    <!-- SampleType diffDisplay -->
    <diffDisplay type="SampleType">
      <diffBlocks>
        <diffBlock name="heading" />
        <diffBlock name="dublincore" />
        <diffBlock name="fileAndFiles" />
        <diffBlock name="simpleTypes" />
        <diffBlock name="complexTypesAndListOfLists" />
      </diffBlocks>
    </diffDisplay>

  </extension>

  <extension target="org.nuxeo.ecm.diff.service.DiffDisplayService"
    point="diffBlock">

    <!-- No fields diffBlock -->
    <diffBlock name="testNoFields" />

    <!-- Override dublincore diffBlock -->
    <diffBlock name="dublincore" label="label.diffBlock.dublincore">
      <fields>
        <field schema="dublincore" name="created" />
        <field schema="dublincore" name="creator" />
        <field schema="dublincore" name="modified" />
        <field schema="dublincore" name="lastContributor" />
        <field schema="dublincore" name="contributors" />
        <field schema="dublincore" name="subjects" />
      </fields>
    </diffBlock>

    <!-- fileAndFiles diffBlock -->
    <diffBlock name="fileAndFiles" label="label.diffBlock.fileAndFiles">
      <fields>
        <field schema="file" name="content" />
        <field schema="files" name="files">
          <items>
            <!-- Display the file only, not the filename which is managed 
              by the file widget type -->
            <item>file</item>
          </items>
        </field>
      </fields>
    </diffBlock>

    <!-- simpleTypes diffBlock -->
    <diffBlock name="simpleTypes" label="label.diffBlock.simpleTypes">
      <fields>
        <field schema="simpletypes" name="string" />
        <field schema="simpletypes" name="textarea" />
        <field schema="simpletypes" name="boolean" />
        <field schema="simpletypes" name="integer" />
        <field schema="simpletypes" name="date" />
        <field schema="simpletypes" name="htmlText" />
        <field schema="simpletypes" name="multivalued" />
      </fields>
    </diffBlock>

    <!-- complexTypesAndListOfLists diffBlock -->
    <diffBlock name="complexTypesAndListOfLists"
      label="label.diffBlock.complexTypesAndListOfLists">
      <fields>
        <field schema="complextypes" name="complex">
          <items>
            <item>stringItem</item>
            <item>integerItem</item>
            <item>dateItem</item>
            <item>booleanItem</item>
          </items>
        </field>
        <field schema="complextypes" name="complexList">
          <items>
            <item>stringItem</item>
            <item>dateItem</item>
            <item>integerItem</item>
          </items>
        </field>
        <field schema="listoflists" name="listOfLists" />
      </fields>
    </diffBlock>

  </extension>

</component>
