<component
  name="org.nuxeo.ecm.diff.service.DocumentDiffDisplayService.contrib">

  <extension
    target="org.nuxeo.ecm.diff.service.DocumentDiffDisplayService"
    point="complexItemsDisplay">

    <complexItems property="complextypes:complex">
      <item>integerItem</item>
      <item>dateItem</item>
      <item>stringItem</item>
    </complexItems>

  </extension>

</component>
