<?xml version="1.0"?>
<component name="org.nuxeo.ecm.core.storage.marklogic.test.repository">
  <extension target="org.nuxeo.ecm.core.storage.marklogic.MarkLogicRepositoryService" point="repository">
    <repository name="test" label="MarkLogic Repository">
      <host>${nuxeo.test.marklogic.host}</host>
      <port>${nuxeo.test.marklogic.port}</port>
      <user>${nuxeo.test.marklogic.user}</user>
      <password>${nuxeo.test.marklogic.password}</password>
      <dbname>${nuxeo.test.marklogic.dbname}</dbname>
      <fulltext disabled="${nuxeo.test.fulltext.disabled}" searchDisabled="${nuxeo.test.fulltext.search.disabled}">
        <index> <!-- name="default" implied -->
          <!-- all props implied -->
        </index>
        <index name="title">
          <field>dc:title</field>
        </index>
      </fulltext>
      <range-element-indexes>
        <range-element-index type="string">ecm:uuid</range-element-index>
        <range-element-index type="string">ecm:parentId</range-element-index>
        <range-element-index type="string">ecm:ancestorId</range-element-index>
        <range-element-index type="string">ecm:versionVersionableId</range-element-index>
        <range-element-index type="string">ecm:proxyTargetId</range-element-index>
        <range-element-index type="string">ecm:proxyVersionableId</range-element-index>
        <range-element-index type="string">ecm:__read_acl</range-element-index> <!-- Technical element -->
        <range-element-index type="string">ecm:name</range-element-index>
        <range-element-index type="string">ecm:primaryType</range-element-index>
        <range-element-index type="string">ecm:currentLifeCycleState</range-element-index>
        <range-element-index type="dateTime">dc:modified</range-element-index>
        <range-element-index type="string">rend:renditionName</range-element-index>
        <range-element-index type="string">collectionMember:collectionIds</range-element-index>
      </range-element-indexes>
    </repository>
  </extension>
</component>
